<?xml version="1.0" encoding="UTF-8"?>
<!-- Generated by org.testng.reporters.JUnitReportReporter -->
<testsuite hostname="DESKTOP-EIMGB4U" name="com.randomuser.api.rest.scenarios.SceanriosWithApis" tests="1" failures="0" timestamp="10 Jan 2022 21:12:46 GMT" time="19.767" errors="0">
  <testcase name="getApiWithAndWithoutParameters" time="19.767" classname="com.randomuser.api.rest.scenarios.SceanriosWithApis"/>
</testsuite> <!-- com.randomuser.api.rest.scenarios.SceanriosWithApis -->
